

Version:	3.50
CmdLine:	C:\Users\zaidm\OneDrive\Escritorio\ARDUINO\DESARROLLO3\desarollo.exe --l4j-debug
JNI:		No
WOW64:		Yes
Working dir:	C:\Users\zaidm\OneDrive\Escritorio\ARDUINO\DESARROLLO3\.
Requires JDK:	No
Requires 64-Bit: No
Java min ver:	1.017.000_000
Java max ver:	
JRE paths:	jre
Check launcher:	C:\Users\zaidm\OneDrive\Escritorio\ARDUINO\DESARROLLO3\jre\bin\javaw.exe (not found)
64-bit search:	SOFTWARE\JavaSoft\Java Runtime Environment...
32-bit search:	SOFTWARE\JavaSoft\Java Runtime Environment...
Check:		SOFTWARE\JavaSoft\Java Runtime Environment\1.8
Version string: 1.008.000 / 32-Bit (Ignore)
Ignore:		1.008.000
Check:		SOFTWARE\JavaSoft\Java Runtime Environment\1.8.0_471
Version string: 1.008.000_471 / 32-Bit (Ignore)
Ignore:		1.008.000_471
64-bit search:	SOFTWARE\JavaSoft\Java Development Kit...
32-bit search:	SOFTWARE\JavaSoft\Java Development Kit...
64-bit search:	SOFTWARE\JavaSoft\JRE...
32-bit search:	SOFTWARE\JavaSoft\JRE...
64-bit search:	SOFTWARE\JavaSoft\JDK...
32-bit search:	SOFTWARE\JavaSoft\JDK...
64-bit search:	SOFTWARE\IBM\Java Runtime Environment...
32-bit search:	SOFTWARE\IBM\Java Runtime Environment...
64-bit search:	SOFTWARE\IBM\Java Development Kit...
32-bit search:	SOFTWARE\IBM\Java Development Kit...
64-bit search:	SOFTWARE\IBM\Java2 Runtime Environment...
32-bit search:	SOFTWARE\IBM\Java2 Runtime Environment...
64-bit search:	SOFTWARE\IBM\Java Development Kit...
32-bit search:	SOFTWARE\IBM\Java Development Kit...
Error msg:	This application requires a Java Runtime Environment 17.0.0


Version:	3.50
CmdLine:	C:\Users\zaidm\OneDrive\Escritorio\ARDUINO\DESARROLLO3\desarollo.exe --l4j-debug
JNI:		No
WOW64:		Yes
Working dir:	C:\Users\zaidm\OneDrive\Escritorio\ARDUINO\DESARROLLO3\.
Requires JDK:	No
Requires 64-Bit: No
Java min ver:	1.017.000_000
Java max ver:	
JRE paths:	jre
Check launcher:	C:\Users\zaidm\OneDrive\Escritorio\ARDUINO\DESARROLLO3\jre\bin\javaw.exe (not found)
64-bit search:	SOFTWARE\JavaSoft\Java Runtime Environment...
32-bit search:	SOFTWARE\JavaSoft\Java Runtime Environment...
Check:		SOFTWARE\JavaSoft\Java Runtime Environment\1.8
Version string: 1.008.000 / 32-Bit (Ignore)
Ignore:		1.008.000
Check:		SOFTWARE\JavaSoft\Java Runtime Environment\1.8.0_471
Version string: 1.008.000_471 / 32-Bit (Ignore)
Ignore:		1.008.000_471
64-bit search:	SOFTWARE\JavaSoft\Java Development Kit...
32-bit search:	SOFTWARE\JavaSoft\Java Development Kit...
64-bit search:	SOFTWARE\JavaSoft\JRE...
32-bit search:	SOFTWARE\JavaSoft\JRE...
64-bit search:	SOFTWARE\JavaSoft\JDK...
32-bit search:	SOFTWARE\JavaSoft\JDK...
64-bit search:	SOFTWARE\IBM\Java Runtime Environment...
32-bit search:	SOFTWARE\IBM\Java Runtime Environment...
64-bit search:	SOFTWARE\IBM\Java Development Kit...
32-bit search:	SOFTWARE\IBM\Java Development Kit...
64-bit search:	SOFTWARE\IBM\Java2 Runtime Environment...
32-bit search:	SOFTWARE\IBM\Java2 Runtime Environment...
64-bit search:	SOFTWARE\IBM\Java Development Kit...
32-bit search:	SOFTWARE\IBM\Java Development Kit...
Error msg:	This application requires a Java Runtime Environment 17.0.0


Version:	3.50
CmdLine:	C:\Users\zaidm\OneDrive\Escritorio\ARDUINO\DESARROLLO3\desarollo.exe --l4j-debug
JNI:		No
WOW64:		Yes
Working dir:	C:\Users\zaidm\OneDrive\Escritorio\ARDUINO\DESARROLLO3\.
Requires JDK:	No
Requires 64-Bit: No
Java min ver:	
Java max ver:	
JRE paths:	jre
Check launcher:	C:\Users\zaidm\OneDrive\Escritorio\ARDUINO\DESARROLLO3\jre\bin\javaw.exe (not found)
Error msg:	This application requires a Java Runtime Environment.


Version:	3.50
CmdLine:	C:\Users\zaidm\OneDrive\Escritorio\ARDUINO\DESARROLLO3\desarollo.exe --l4j-debug
JNI:		No
WOW64:		Yes
Working dir:	C:\Users\zaidm\OneDrive\Escritorio\ARDUINO\DESARROLLO3\.
Requires JDK:	No
Requires 64-Bit: No
Java min ver:	
Java max ver:	
JRE paths:	jre
Check launcher:	C:\Users\zaidm\OneDrive\Escritorio\ARDUINO\DESARROLLO3\jre\bin\javaw.exe (not found)
Error msg:	This application requires a Java Runtime Environment.


Version:	3.50
CmdLine:	C:\Users\zaidm\OneDrive\Escritorio\ARDUINO\DESARROLLO3\desarollo.exe --l4j-debug
JNI:		No
WOW64:		Yes
Working dir:	C:\Users\zaidm\OneDrive\Escritorio\ARDUINO\DESARROLLO3\.
Requires JDK:	No
Requires 64-Bit: No
Java min ver:	
Java max ver:	
JRE paths:	jre
Check launcher:	C:\Users\zaidm\OneDrive\Escritorio\ARDUINO\DESARROLLO3\jre\bin\javaw.exe (not found)
Error msg:	This application requires a Java Runtime Environment.


Version:	3.50
CmdLine:	C:\Users\zaidm\OneDrive\Escritorio\ARDUINO\DESARROLLO3\desarollo.exe --l4j-debug
JNI:		No
WOW64:		Yes
Working dir:	C:\Users\zaidm\OneDrive\Escritorio\ARDUINO\DESARROLLO3\.
Requires JDK:	No
Requires 64-Bit: No
Java min ver:	
Java max ver:	
JRE paths:	jre
Check launcher:	C:\Users\zaidm\OneDrive\Escritorio\ARDUINO\DESARROLLO3\jre\bin\javaw.exe (not found)
Error msg:	This application requires a Java Runtime Environment.


Version:	3.50
CmdLine:	C:\Users\zaidm\OneDrive\Escritorio\ARDUINO\DESARROLLO3\desarollo.exe --l4j-debug
JNI:		No
WOW64:		Yes
Working dir:	C:\Users\zaidm\OneDrive\Escritorio\ARDUINO\DESARROLLO3\.
Requires JDK:	No
Requires 64-Bit: No
Java min ver:	
Java max ver:	
JRE paths:	jre
Check launcher:	C:\Users\zaidm\OneDrive\Escritorio\ARDUINO\DESARROLLO3\jre\bin\javaw.exe (not found)
Error msg:	This application requires a Java Runtime Environment.


Version:	3.50
CmdLine:	C:\Users\zaidm\OneDrive\Escritorio\ARDUINO\DESARROLLO3\desarollo.exe --l4j-debug
JNI:		No
WOW64:		Yes
Working dir:	C:\Users\zaidm\OneDrive\Escritorio\ARDUINO\DESARROLLO3\.
Requires JDK:	No
Requires 64-Bit: No
Java min ver:	
Java max ver:	
JRE paths:	jre
Check launcher:	C:\Users\zaidm\OneDrive\Escritorio\ARDUINO\DESARROLLO3\jre\bin\javaw.exe (not found)
Error msg:	This application requires a Java Runtime Environment.


Version:	3.50
CmdLine:	C:\Users\zaidm\OneDrive\Escritorio\ARDUINO\DESARROLLO3\desarollo.exe --l4j-debug
JNI:		No
WOW64:		Yes
Working dir:	C:\Users\zaidm\OneDrive\Escritorio\ARDUINO\DESARROLLO3\.
Requires JDK:	No
Requires 64-Bit: No
Java min ver:	1.017.000_000
Java max ver:	
JRE paths:	jre
Check launcher:	C:\Users\zaidm\OneDrive\Escritorio\ARDUINO\DESARROLLO3\jre\bin\javaw.exe (not found)
64-bit search:	SOFTWARE\JavaSoft\Java Runtime Environment...
32-bit search:	SOFTWARE\JavaSoft\Java Runtime Environment...
Check:		SOFTWARE\JavaSoft\Java Runtime Environment\1.8
Version string: 1.008.000 / 32-Bit (Ignore)
Ignore:		1.008.000
Check:		SOFTWARE\JavaSoft\Java Runtime Environment\1.8.0_471
Version string: 1.008.000_471 / 32-Bit (Ignore)
Ignore:		1.008.000_471
64-bit search:	SOFTWARE\JavaSoft\Java Development Kit...
32-bit search:	SOFTWARE\JavaSoft\Java Development Kit...
64-bit search:	SOFTWARE\JavaSoft\JRE...
32-bit search:	SOFTWARE\JavaSoft\JRE...
64-bit search:	SOFTWARE\JavaSoft\JDK...
Check:		SOFTWARE\JavaSoft\JDK\17.0.12
Version string: 1.017.000_012 / 64-Bit (OK)
Check launcher:	C:\Program Files\Java\jdk-17\bin\javaw.exe (OK)
Match:		1.017.000_012
Runtime used:	1.017.000_012 (64-bit)
Main class:	mx.unison.monitor.MainApp
Info:		Classpath not defined.
Launcher:	C:\Program Files\Java\jdk-17\bin\javaw.exe
Launcher args:	-classpath "C:\Users\zaidm\OneDrive\Escritorio\ARDUINO\DESARROLLO3\desarollo.exe" mx.unison.monitor.MainApp
Args length:	107/32768 chars
Exit code:	0
